<?xml version="1.0" encoding="UTF-8"?>
<!-- Generated by org.testng.reporters.JUnitReportReporter -->
<testsuite hostname="Muhammads-MacBook-Air.local" failures="0" tests="10" name="runner.TestRunner" time="48.634" errors="0" timestamp="2022-10-03T23:03:31 WIB" skipped="0">
  <testcase classname="runner.TestRunner" name="runScenario" time="4.238"/>
  <system-out/>
  <testcase classname="runner.TestRunner" name="runScenario" time="4.791"/>
  <system-out/>
  <testcase classname="runner.TestRunner" name="runScenario" time="5.010"/>
  <system-out/>
  <testcase classname="runner.TestRunner" name="runScenario" time="4.288"/>
  <system-out/>
  <testcase classname="runner.TestRunner" name="runScenario" time="6.433"/>
  <system-out/>
  <testcase classname="runner.TestRunner" name="runScenario" time="4.269"/>
  <system-out/>
  <testcase classname="runner.TestRunner" name="runScenario" time="4.363"/>
  <system-out/>
  <testcase classname="runner.TestRunner" name="runScenario" time="6.551"/>
  <system-out/>
  <testcase classname="runner.TestRunner" name="runScenario" time="4.427"/>
  <system-out/>
  <testcase classname="runner.TestRunner" name="runScenario" time="4.264"/>
  <system-out/>
</testsuite> <!-- runner.TestRunner -->
